25-05-16 16:13:46.986 - INFO: [Phase 1] Training noise model!
25-05-16 16:13:47.232 - INFO: Note: NumExpr detected 56 cores but "NUMEXPR_MAX_THREADS" not set, so enforcing safe limit of 8.
25-05-16 16:13:47.233 - INFO: NumExpr defaulting to 8 threads.
25-05-16 16:13:53.310 - INFO: MRI dataset [hardi] is created.
25-05-16 16:13:58.987 - INFO: MRI dataset [hardi] is created.
25-05-16 16:13:58.988 - INFO: Initial Dataset Finished
25-05-16 16:13:59.262 - INFO: Noise Model is created.
25-05-16 16:13:59.263 - INFO: Initial Model Finished
25-05-16 16:14:19.194 - INFO: <epoch: 34, iter:     100> l_pix: 2.2407e-03 
25-05-16 16:14:19.194 - INFO: Saving models and training states.
25-05-16 16:14:19.209 - INFO: Saved model in [experiments/hardi_stage1_250516_161346/checkpoint/latest_stage1_gen.pth] ...
25-05-16 16:14:38.005 - INFO: <epoch: 67, iter:     200> l_pix: 2.1483e-03 
25-05-16 16:14:38.005 - INFO: Saving models and training states.
25-05-16 16:14:38.026 - INFO: Saved model in [experiments/hardi_stage1_250516_161346/checkpoint/latest_stage1_gen.pth] ...
25-05-16 16:14:59.318 - INFO: <epoch:100, iter:     300> l_pix: 1.9617e-03 
25-05-16 16:14:59.319 - INFO: Saving models and training states.
25-05-16 16:14:59.336 - INFO: Saved model in [experiments/hardi_stage1_250516_161346/checkpoint/latest_stage1_gen.pth] ...
25-05-16 16:15:16.479 - INFO: <epoch:134, iter:     400> l_pix: 1.8413e-03 
25-05-16 16:15:16.480 - INFO: Saving models and training states.
25-05-16 16:15:16.496 - INFO: Saved model in [experiments/hardi_stage1_250516_161346/checkpoint/latest_stage1_gen.pth] ...
25-05-16 16:15:37.798 - INFO: <epoch:167, iter:     500> l_pix: 2.0050e-03 
25-05-16 16:15:37.799 - INFO: Saving models and training states.
25-05-16 16:15:37.822 - INFO: Saved model in [experiments/hardi_stage1_250516_161346/checkpoint/latest_stage1_gen.pth] ...
25-05-16 16:15:57.779 - INFO: <epoch:200, iter:     600> l_pix: 1.3794e-03 
25-05-16 16:15:57.779 - INFO: Saving models and training states.
25-05-16 16:15:57.806 - INFO: Saved model in [experiments/hardi_stage1_250516_161346/checkpoint/latest_stage1_gen.pth] ...
25-05-16 16:16:16.041 - INFO: <epoch:234, iter:     700> l_pix: 1.9964e-03 
25-05-16 16:16:16.041 - INFO: Saving models and training states.
25-05-16 16:16:16.062 - INFO: Saved model in [experiments/hardi_stage1_250516_161346/checkpoint/latest_stage1_gen.pth] ...
25-05-16 16:16:37.316 - INFO: <epoch:267, iter:     800> l_pix: 1.8277e-03 
25-05-16 16:16:37.317 - INFO: Saving models and training states.
25-05-16 16:16:37.347 - INFO: Saved model in [experiments/hardi_stage1_250516_161346/checkpoint/latest_stage1_gen.pth] ...
25-05-16 16:16:54.413 - INFO: <epoch:300, iter:     900> l_pix: 1.6101e-03 
25-05-16 16:16:54.413 - INFO: Saving models and training states.
25-05-16 16:16:54.431 - INFO: Saved model in [experiments/hardi_stage1_250516_161346/checkpoint/latest_stage1_gen.pth] ...
25-05-16 16:17:16.088 - INFO: <epoch:334, iter:   1,000> l_pix: 1.9515e-03 
25-05-16 16:17:16.089 - INFO: Saving models and training states.
25-05-16 16:17:16.112 - INFO: Saved model in [experiments/hardi_stage1_250516_161346/checkpoint/latest_stage1_gen.pth] ...
25-05-16 16:17:36.051 - INFO: <epoch:367, iter:   1,100> l_pix: 1.8837e-03 
25-05-16 16:17:36.052 - INFO: Saving models and training states.
25-05-16 16:17:36.072 - INFO: Saved model in [experiments/hardi_stage1_250516_161346/checkpoint/latest_stage1_gen.pth] ...
25-05-16 16:17:54.025 - INFO: <epoch:400, iter:   1,200> l_pix: 1.7574e-03 
25-05-16 16:17:54.025 - INFO: Saving models and training states.
25-05-16 16:17:54.045 - INFO: Saved model in [experiments/hardi_stage1_250516_161346/checkpoint/latest_stage1_gen.pth] ...
25-05-16 16:18:15.778 - INFO: <epoch:434, iter:   1,300> l_pix: 1.8465e-03 
25-05-16 16:18:15.778 - INFO: Saving models and training states.
25-05-16 16:18:15.811 - INFO: Saved model in [experiments/hardi_stage1_250516_161346/checkpoint/latest_stage1_gen.pth] ...
25-05-16 16:18:32.543 - INFO: <epoch:467, iter:   1,400> l_pix: 1.8522e-03 
25-05-16 16:18:32.544 - INFO: Saving models and training states.
25-05-16 16:18:32.564 - INFO: Saved model in [experiments/hardi_stage1_250516_161346/checkpoint/latest_stage1_gen.pth] ...
25-05-16 16:18:54.193 - INFO: <epoch:500, iter:   1,500> l_pix: 2.2960e-03 
25-05-16 16:18:54.194 - INFO: Saving models and training states.
25-05-16 16:18:54.228 - INFO: Saved model in [experiments/hardi_stage1_250516_161346/checkpoint/latest_stage1_gen.pth] ...
25-05-16 16:19:14.503 - INFO: <epoch:534, iter:   1,600> l_pix: 1.7806e-03 
25-05-16 16:19:14.504 - INFO: Saving models and training states.
25-05-16 16:19:14.532 - INFO: Saved model in [experiments/hardi_stage1_250516_161346/checkpoint/latest_stage1_gen.pth] ...
25-05-16 16:19:32.855 - INFO: <epoch:567, iter:   1,700> l_pix: 1.9315e-03 
25-05-16 16:19:32.855 - INFO: Saving models and training states.
25-05-16 16:19:32.878 - INFO: Saved model in [experiments/hardi_stage1_250516_161346/checkpoint/latest_stage1_gen.pth] ...
25-05-16 16:19:54.091 - INFO: <epoch:600, iter:   1,800> l_pix: 1.9086e-03 
25-05-16 16:19:54.092 - INFO: Saving models and training states.
25-05-16 16:19:54.108 - INFO: Saved model in [experiments/hardi_stage1_250516_161346/checkpoint/latest_stage1_gen.pth] ...
25-05-16 16:20:11.203 - INFO: <epoch:634, iter:   1,900> l_pix: 2.0476e-03 
25-05-16 16:20:11.203 - INFO: Saving models and training states.
25-05-16 16:20:11.220 - INFO: Saved model in [experiments/hardi_stage1_250516_161346/checkpoint/latest_stage1_gen.pth] ...
25-05-16 16:20:33.135 - INFO: <epoch:667, iter:   2,000> l_pix: 2.0875e-03 
25-05-16 16:20:33.135 - INFO: Saving models and training states.
25-05-16 16:20:33.155 - INFO: Saved model in [experiments/hardi_stage1_250516_161346/checkpoint/latest_stage1_gen.pth] ...
25-05-16 16:20:53.410 - INFO: <epoch:700, iter:   2,100> l_pix: 2.0484e-03 
25-05-16 16:20:53.410 - INFO: Saving models and training states.
25-05-16 16:20:53.432 - INFO: Saved model in [experiments/hardi_stage1_250516_161346/checkpoint/latest_stage1_gen.pth] ...
25-05-16 16:21:11.550 - INFO: <epoch:734, iter:   2,200> l_pix: 2.0167e-03 
25-05-16 16:21:11.550 - INFO: Saving models and training states.
25-05-16 16:21:11.568 - INFO: Saved model in [experiments/hardi_stage1_250516_161346/checkpoint/latest_stage1_gen.pth] ...
25-05-16 16:21:33.162 - INFO: <epoch:767, iter:   2,300> l_pix: 1.9678e-03 
25-05-16 16:21:33.162 - INFO: Saving models and training states.
25-05-16 16:21:33.181 - INFO: Saved model in [experiments/hardi_stage1_250516_161346/checkpoint/latest_stage1_gen.pth] ...
25-05-16 16:21:49.791 - INFO: <epoch:800, iter:   2,400> l_pix: 2.2214e-03 
25-05-16 16:21:49.792 - INFO: Saving models and training states.
25-05-16 16:21:49.810 - INFO: Saved model in [experiments/hardi_stage1_250516_161346/checkpoint/latest_stage1_gen.pth] ...
25-05-16 16:22:11.585 - INFO: <epoch:834, iter:   2,500> l_pix: 2.4031e-03 
25-05-16 16:22:11.585 - INFO: Saving models and training states.
25-05-16 16:22:11.606 - INFO: Saved model in [experiments/hardi_stage1_250516_161346/checkpoint/latest_stage1_gen.pth] ...
25-05-16 16:22:32.163 - INFO: <epoch:867, iter:   2,600> l_pix: 2.2020e-03 
25-05-16 16:22:32.163 - INFO: Saving models and training states.
25-05-16 16:22:32.184 - INFO: Saved model in [experiments/hardi_stage1_250516_161346/checkpoint/latest_stage1_gen.pth] ...
25-05-16 16:22:48.412 - INFO: <epoch:900, iter:   2,700> l_pix: 2.4799e-03 
25-05-16 16:22:48.412 - INFO: Saving models and training states.
25-05-16 16:22:48.430 - INFO: Saved model in [experiments/hardi_stage1_250516_161346/checkpoint/latest_stage1_gen.pth] ...
25-05-16 16:23:09.493 - INFO: <epoch:934, iter:   2,800> l_pix: 2.1566e-03 
25-05-16 16:23:09.493 - INFO: Saving models and training states.
25-05-16 16:23:09.508 - INFO: Saved model in [experiments/hardi_stage1_250516_161346/checkpoint/latest_stage1_gen.pth] ...
25-05-16 16:23:28.581 - INFO: <epoch:967, iter:   2,900> l_pix: 1.9243e-03 
25-05-16 16:23:28.581 - INFO: Saving models and training states.
25-05-16 16:23:28.600 - INFO: Saved model in [experiments/hardi_stage1_250516_161346/checkpoint/latest_stage1_gen.pth] ...
25-05-16 16:23:47.739 - INFO: <epoch:1000, iter:   3,000> l_pix: 1.9441e-03 
25-05-16 16:23:47.739 - INFO: Saving models and training states.
25-05-16 16:23:47.756 - INFO: Saved model in [experiments/hardi_stage1_250516_161346/checkpoint/latest_stage1_gen.pth] ...
25-05-16 16:24:09.309 - INFO: <epoch:1034, iter:   3,100> l_pix: 2.2470e-03 
25-05-16 16:24:09.309 - INFO: Saving models and training states.
25-05-16 16:24:09.326 - INFO: Saved model in [experiments/hardi_stage1_250516_161346/checkpoint/latest_stage1_gen.pth] ...
25-05-16 16:24:26.050 - INFO: <epoch:1067, iter:   3,200> l_pix: 1.8973e-03 
25-05-16 16:24:26.051 - INFO: Saving models and training states.
25-05-16 16:24:26.076 - INFO: Saved model in [experiments/hardi_stage1_250516_161346/checkpoint/latest_stage1_gen.pth] ...
25-05-16 16:24:46.810 - INFO: <epoch:1100, iter:   3,300> l_pix: 2.2832e-03 
25-05-16 16:24:46.810 - INFO: Saving models and training states.
25-05-16 16:24:46.830 - INFO: Saved model in [experiments/hardi_stage1_250516_161346/checkpoint/latest_stage1_gen.pth] ...
25-05-16 16:25:07.050 - INFO: <epoch:1134, iter:   3,400> l_pix: 2.4610e-03 
25-05-16 16:25:07.051 - INFO: Saving models and training states.
25-05-16 16:25:07.068 - INFO: Saved model in [experiments/hardi_stage1_250516_161346/checkpoint/latest_stage1_gen.pth] ...
25-05-16 16:25:24.404 - INFO: <epoch:1167, iter:   3,500> l_pix: 1.9501e-03 
25-05-16 16:25:24.404 - INFO: Saving models and training states.
25-05-16 16:25:24.423 - INFO: Saved model in [experiments/hardi_stage1_250516_161346/checkpoint/latest_stage1_gen.pth] ...
25-05-16 16:25:45.654 - INFO: <epoch:1200, iter:   3,600> l_pix: 2.6805e-03 
25-05-16 16:25:45.655 - INFO: Saving models and training states.
25-05-16 16:25:45.679 - INFO: Saved model in [experiments/hardi_stage1_250516_161346/checkpoint/latest_stage1_gen.pth] ...
25-05-16 16:26:03.144 - INFO: <epoch:1234, iter:   3,700> l_pix: 2.3837e-03 
25-05-16 16:26:03.144 - INFO: Saving models and training states.
25-05-16 16:26:03.163 - INFO: Saved model in [experiments/hardi_stage1_250516_161346/checkpoint/latest_stage1_gen.pth] ...
25-05-16 16:26:23.142 - INFO: <epoch:1267, iter:   3,800> l_pix: 2.1510e-03 
25-05-16 16:26:23.142 - INFO: Saving models and training states.
25-05-16 16:26:23.162 - INFO: Saved model in [experiments/hardi_stage1_250516_161346/checkpoint/latest_stage1_gen.pth] ...
25-05-16 16:26:44.825 - INFO: <epoch:1300, iter:   3,900> l_pix: 2.2575e-03 
25-05-16 16:26:44.825 - INFO: Saving models and training states.
25-05-16 16:26:44.844 - INFO: Saved model in [experiments/hardi_stage1_250516_161346/checkpoint/latest_stage1_gen.pth] ...
25-05-16 16:27:02.423 - INFO: <epoch:1334, iter:   4,000> l_pix: 2.2817e-03 
25-05-16 16:27:02.423 - INFO: Saving models and training states.
25-05-16 16:27:02.464 - INFO: Saved model in [experiments/hardi_stage1_250516_161346/checkpoint/latest_stage1_gen.pth] ...
25-05-16 16:27:24.366 - INFO: <epoch:1367, iter:   4,100> l_pix: 2.0218e-03 
25-05-16 16:27:24.367 - INFO: Saving models and training states.
25-05-16 16:27:24.392 - INFO: Saved model in [experiments/hardi_stage1_250516_161346/checkpoint/latest_stage1_gen.pth] ...
25-05-16 16:27:42.654 - INFO: <epoch:1400, iter:   4,200> l_pix: 1.9868e-03 
25-05-16 16:27:42.655 - INFO: Saving models and training states.
25-05-16 16:27:42.676 - INFO: Saved model in [experiments/hardi_stage1_250516_161346/checkpoint/latest_stage1_gen.pth] ...
25-05-16 16:28:03.564 - INFO: <epoch:1434, iter:   4,300> l_pix: 2.1269e-03 
25-05-16 16:28:03.565 - INFO: Saving models and training states.
25-05-16 16:28:03.582 - INFO: Saved model in [experiments/hardi_stage1_250516_161346/checkpoint/latest_stage1_gen.pth] ...
25-05-16 16:28:25.017 - INFO: <epoch:1467, iter:   4,400> l_pix: 2.1214e-03 
25-05-16 16:28:25.017 - INFO: Saving models and training states.
25-05-16 16:28:25.038 - INFO: Saved model in [experiments/hardi_stage1_250516_161346/checkpoint/latest_stage1_gen.pth] ...
25-05-16 16:28:42.956 - INFO: <epoch:1500, iter:   4,500> l_pix: 2.0155e-03 
25-05-16 16:28:42.957 - INFO: Saving models and training states.
25-05-16 16:28:42.975 - INFO: Saved model in [experiments/hardi_stage1_250516_161346/checkpoint/latest_stage1_gen.pth] ...
25-05-16 16:29:04.749 - INFO: <epoch:1534, iter:   4,600> l_pix: 2.1253e-03 
25-05-16 16:29:04.749 - INFO: Saving models and training states.
25-05-16 16:29:04.782 - INFO: Saved model in [experiments/hardi_stage1_250516_161346/checkpoint/latest_stage1_gen.pth] ...
25-05-16 16:29:22.266 - INFO: <epoch:1567, iter:   4,700> l_pix: 2.5294e-03 
25-05-16 16:29:22.267 - INFO: Saving models and training states.
25-05-16 16:29:22.288 - INFO: Saved model in [experiments/hardi_stage1_250516_161346/checkpoint/latest_stage1_gen.pth] ...
25-05-16 16:29:43.275 - INFO: <epoch:1600, iter:   4,800> l_pix: 2.3738e-03 
25-05-16 16:29:43.275 - INFO: Saving models and training states.
25-05-16 16:29:43.293 - INFO: Saved model in [experiments/hardi_stage1_250516_161346/checkpoint/latest_stage1_gen.pth] ...
25-05-16 16:30:04.457 - INFO: <epoch:1634, iter:   4,900> l_pix: 2.3236e-03 
25-05-16 16:30:04.458 - INFO: Saving models and training states.
25-05-16 16:30:04.477 - INFO: Saved model in [experiments/hardi_stage1_250516_161346/checkpoint/latest_stage1_gen.pth] ...
25-05-16 16:30:22.098 - INFO: <epoch:1667, iter:   5,000> l_pix: 2.5680e-03 
25-05-16 16:30:22.098 - INFO: Saving models and training states.
25-05-16 16:30:22.117 - INFO: Saved model in [experiments/hardi_stage1_250516_161346/checkpoint/latest_stage1_gen.pth] ...
25-05-16 16:30:44.317 - INFO: <epoch:1700, iter:   5,100> l_pix: 1.9884e-03 
25-05-16 16:30:44.318 - INFO: Saving models and training states.
25-05-16 16:30:44.339 - INFO: Saved model in [experiments/hardi_stage1_250516_161346/checkpoint/latest_stage1_gen.pth] ...
25-05-16 16:31:01.430 - INFO: <epoch:1734, iter:   5,200> l_pix: 2.2362e-03 
25-05-16 16:31:01.432 - INFO: Saving models and training states.
25-05-16 16:31:01.458 - INFO: Saved model in [experiments/hardi_stage1_250516_161346/checkpoint/latest_stage1_gen.pth] ...
25-05-16 16:31:23.448 - INFO: <epoch:1767, iter:   5,300> l_pix: 2.2153e-03 
25-05-16 16:31:23.448 - INFO: Saving models and training states.
25-05-16 16:31:23.472 - INFO: Saved model in [experiments/hardi_stage1_250516_161346/checkpoint/latest_stage1_gen.pth] ...
25-05-16 16:31:44.909 - INFO: <epoch:1800, iter:   5,400> l_pix: 2.2331e-03 
25-05-16 16:31:44.909 - INFO: Saving models and training states.
25-05-16 16:31:44.929 - INFO: Saved model in [experiments/hardi_stage1_250516_161346/checkpoint/latest_stage1_gen.pth] ...
25-05-16 16:32:02.867 - INFO: <epoch:1834, iter:   5,500> l_pix: 2.2682e-03 
25-05-16 16:32:02.868 - INFO: Saving models and training states.
25-05-16 16:32:02.888 - INFO: Saved model in [experiments/hardi_stage1_250516_161346/checkpoint/latest_stage1_gen.pth] ...
25-05-16 16:32:24.572 - INFO: <epoch:1867, iter:   5,600> l_pix: 2.3931e-03 
25-05-16 16:32:24.572 - INFO: Saving models and training states.
25-05-16 16:32:24.593 - INFO: Saved model in [experiments/hardi_stage1_250516_161346/checkpoint/latest_stage1_gen.pth] ...
25-05-16 16:32:41.557 - INFO: <epoch:1900, iter:   5,700> l_pix: 2.2240e-03 
25-05-16 16:32:41.558 - INFO: Saving models and training states.
25-05-16 16:32:41.741 - INFO: Saved model in [experiments/hardi_stage1_250516_161346/checkpoint/latest_stage1_gen.pth] ...
25-05-16 16:33:03.721 - INFO: <epoch:1934, iter:   5,800> l_pix: 2.5013e-03 
25-05-16 16:33:03.723 - INFO: Saving models and training states.
25-05-16 16:33:03.747 - INFO: Saved model in [experiments/hardi_stage1_250516_161346/checkpoint/latest_stage1_gen.pth] ...
25-05-16 16:33:24.147 - INFO: <epoch:1967, iter:   5,900> l_pix: 2.2863e-03 
25-05-16 16:33:24.148 - INFO: Saving models and training states.
25-05-16 16:33:24.167 - INFO: Saved model in [experiments/hardi_stage1_250516_161346/checkpoint/latest_stage1_gen.pth] ...
25-05-16 16:33:42.932 - INFO: <epoch:2000, iter:   6,000> l_pix: 2.5189e-03 
25-05-16 16:33:42.933 - INFO: Saving models and training states.
25-05-16 16:33:42.952 - INFO: Saved model in [experiments/hardi_stage1_250516_161346/checkpoint/latest_stage1_gen.pth] ...
25-05-16 16:34:04.770 - INFO: <epoch:2034, iter:   6,100> l_pix: 2.6539e-03 
25-05-16 16:34:04.772 - INFO: Saving models and training states.
25-05-16 16:34:04.793 - INFO: Saved model in [experiments/hardi_stage1_250516_161346/checkpoint/latest_stage1_gen.pth] ...
25-05-16 16:34:21.818 - INFO: <epoch:2067, iter:   6,200> l_pix: 2.4367e-03 
25-05-16 16:34:21.818 - INFO: Saving models and training states.
25-05-16 16:34:21.838 - INFO: Saved model in [experiments/hardi_stage1_250516_161346/checkpoint/latest_stage1_gen.pth] ...
25-05-16 16:34:43.754 - INFO: <epoch:2100, iter:   6,300> l_pix: 2.0121e-03 
25-05-16 16:34:43.755 - INFO: Saving models and training states.
25-05-16 16:34:43.771 - INFO: Saved model in [experiments/hardi_stage1_250516_161346/checkpoint/latest_stage1_gen.pth] ...
25-05-16 16:35:02.924 - INFO: <epoch:2134, iter:   6,400> l_pix: 2.2310e-03 
25-05-16 16:35:02.924 - INFO: Saving models and training states.
25-05-16 16:35:03.062 - INFO: Saved model in [experiments/hardi_stage1_250516_161346/checkpoint/latest_stage1_gen.pth] ...
25-05-16 16:35:21.654 - INFO: <epoch:2167, iter:   6,500> l_pix: 2.4231e-03 
25-05-16 16:35:21.654 - INFO: Saving models and training states.
25-05-16 16:35:21.673 - INFO: Saved model in [experiments/hardi_stage1_250516_161346/checkpoint/latest_stage1_gen.pth] ...
25-05-16 16:35:43.205 - INFO: <epoch:2200, iter:   6,600> l_pix: 2.4411e-03 
25-05-16 16:35:43.206 - INFO: Saving models and training states.
25-05-16 16:35:43.226 - INFO: Saved model in [experiments/hardi_stage1_250516_161346/checkpoint/latest_stage1_gen.pth] ...
25-05-16 16:36:00.340 - INFO: <epoch:2234, iter:   6,700> l_pix: 2.1572e-03 
25-05-16 16:36:00.340 - INFO: Saving models and training states.
25-05-16 16:36:00.359 - INFO: Saved model in [experiments/hardi_stage1_250516_161346/checkpoint/latest_stage1_gen.pth] ...
25-05-16 16:36:22.230 - INFO: <epoch:2267, iter:   6,800> l_pix: 2.2650e-03 
25-05-16 16:36:22.230 - INFO: Saving models and training states.
25-05-16 16:36:22.251 - INFO: Saved model in [experiments/hardi_stage1_250516_161346/checkpoint/latest_stage1_gen.pth] ...
25-05-16 16:36:42.221 - INFO: <epoch:2300, iter:   6,900> l_pix: 2.4054e-03 
25-05-16 16:36:42.222 - INFO: Saving models and training states.
25-05-16 16:36:42.243 - INFO: Saved model in [experiments/hardi_stage1_250516_161346/checkpoint/latest_stage1_gen.pth] ...
25-05-16 16:37:00.197 - INFO: <epoch:2334, iter:   7,000> l_pix: 2.6793e-03 
25-05-16 16:37:00.198 - INFO: Saving models and training states.
25-05-16 16:37:00.216 - INFO: Saved model in [experiments/hardi_stage1_250516_161346/checkpoint/latest_stage1_gen.pth] ...
25-05-16 16:37:21.268 - INFO: <epoch:2367, iter:   7,100> l_pix: 2.4741e-03 
25-05-16 16:37:21.268 - INFO: Saving models and training states.
25-05-16 16:37:21.286 - INFO: Saved model in [experiments/hardi_stage1_250516_161346/checkpoint/latest_stage1_gen.pth] ...
25-05-16 16:37:38.370 - INFO: <epoch:2400, iter:   7,200> l_pix: 2.6798e-03 
25-05-16 16:37:38.371 - INFO: Saving models and training states.
25-05-16 16:37:38.391 - INFO: Saved model in [experiments/hardi_stage1_250516_161346/checkpoint/latest_stage1_gen.pth] ...
25-05-16 16:37:59.552 - INFO: <epoch:2434, iter:   7,300> l_pix: 2.1945e-03 
25-05-16 16:37:59.552 - INFO: Saving models and training states.
25-05-16 16:37:59.582 - INFO: Saved model in [experiments/hardi_stage1_250516_161346/checkpoint/latest_stage1_gen.pth] ...
25-05-16 16:38:21.026 - INFO: <epoch:2467, iter:   7,400> l_pix: 2.9368e-03 
25-05-16 16:38:21.026 - INFO: Saving models and training states.
25-05-16 16:38:21.047 - INFO: Saved model in [experiments/hardi_stage1_250516_161346/checkpoint/latest_stage1_gen.pth] ...
25-05-16 16:38:38.887 - INFO: <epoch:2500, iter:   7,500> l_pix: 2.2315e-03 
25-05-16 16:38:38.888 - INFO: Saving models and training states.
25-05-16 16:38:38.908 - INFO: Saved model in [experiments/hardi_stage1_250516_161346/checkpoint/latest_stage1_gen.pth] ...
25-05-16 16:39:00.823 - INFO: <epoch:2534, iter:   7,600> l_pix: 2.5073e-03 
25-05-16 16:39:00.823 - INFO: Saving models and training states.
25-05-16 16:39:00.843 - INFO: Saved model in [experiments/hardi_stage1_250516_161346/checkpoint/latest_stage1_gen.pth] ...
25-05-16 16:39:18.228 - INFO: <epoch:2567, iter:   7,700> l_pix: 2.3154e-03 
25-05-16 16:39:18.229 - INFO: Saving models and training states.
25-05-16 16:39:18.250 - INFO: Saved model in [experiments/hardi_stage1_250516_161346/checkpoint/latest_stage1_gen.pth] ...
25-05-16 16:39:39.801 - INFO: <epoch:2600, iter:   7,800> l_pix: 2.2730e-03 
25-05-16 16:39:39.802 - INFO: Saving models and training states.
25-05-16 16:39:39.820 - INFO: Saved model in [experiments/hardi_stage1_250516_161346/checkpoint/latest_stage1_gen.pth] ...
25-05-16 16:40:00.926 - INFO: <epoch:2634, iter:   7,900> l_pix: 2.5723e-03 
25-05-16 16:40:00.927 - INFO: Saving models and training states.
25-05-16 16:40:00.947 - INFO: Saved model in [experiments/hardi_stage1_250516_161346/checkpoint/latest_stage1_gen.pth] ...
25-05-16 16:40:18.952 - INFO: <epoch:2667, iter:   8,000> l_pix: 2.4535e-03 
25-05-16 16:40:18.953 - INFO: Saving models and training states.
25-05-16 16:40:18.983 - INFO: Saved model in [experiments/hardi_stage1_250516_161346/checkpoint/latest_stage1_gen.pth] ...
25-05-16 16:40:40.362 - INFO: <epoch:2700, iter:   8,100> l_pix: 2.3386e-03 
25-05-16 16:40:40.362 - INFO: Saving models and training states.
25-05-16 16:40:40.379 - INFO: Saved model in [experiments/hardi_stage1_250516_161346/checkpoint/latest_stage1_gen.pth] ...
25-05-16 16:40:57.444 - INFO: <epoch:2734, iter:   8,200> l_pix: 2.3355e-03 
25-05-16 16:40:57.444 - INFO: Saving models and training states.
25-05-16 16:40:57.466 - INFO: Saved model in [experiments/hardi_stage1_250516_161346/checkpoint/latest_stage1_gen.pth] ...
25-05-16 16:41:19.114 - INFO: <epoch:2767, iter:   8,300> l_pix: 2.7662e-03 
25-05-16 16:41:19.114 - INFO: Saving models and training states.
25-05-16 16:41:19.138 - INFO: Saved model in [experiments/hardi_stage1_250516_161346/checkpoint/latest_stage1_gen.pth] ...
25-05-16 16:41:39.770 - INFO: <epoch:2800, iter:   8,400> l_pix: 2.8187e-03 
25-05-16 16:41:39.770 - INFO: Saving models and training states.
25-05-16 16:41:39.789 - INFO: Saved model in [experiments/hardi_stage1_250516_161346/checkpoint/latest_stage1_gen.pth] ...
25-05-16 16:41:57.959 - INFO: <epoch:2834, iter:   8,500> l_pix: 2.4082e-03 
25-05-16 16:41:57.960 - INFO: Saving models and training states.
25-05-16 16:41:57.978 - INFO: Saved model in [experiments/hardi_stage1_250516_161346/checkpoint/latest_stage1_gen.pth] ...
25-05-16 16:42:19.427 - INFO: <epoch:2867, iter:   8,600> l_pix: 2.4863e-03 
25-05-16 16:42:19.427 - INFO: Saving models and training states.
25-05-16 16:42:19.447 - INFO: Saved model in [experiments/hardi_stage1_250516_161346/checkpoint/latest_stage1_gen.pth] ...
25-05-16 16:42:37.054 - INFO: <epoch:2900, iter:   8,700> l_pix: 2.4546e-03 
25-05-16 16:42:37.055 - INFO: Saving models and training states.
25-05-16 16:42:37.072 - INFO: Saved model in [experiments/hardi_stage1_250516_161346/checkpoint/latest_stage1_gen.pth] ...
25-05-16 16:42:58.484 - INFO: <epoch:2934, iter:   8,800> l_pix: 2.3326e-03 
25-05-16 16:42:58.484 - INFO: Saving models and training states.
25-05-16 16:42:58.519 - INFO: Saved model in [experiments/hardi_stage1_250516_161346/checkpoint/latest_stage1_gen.pth] ...
25-05-16 16:43:18.562 - INFO: <epoch:2967, iter:   8,900> l_pix: 2.7415e-03 
25-05-16 16:43:18.562 - INFO: Saving models and training states.
25-05-16 16:43:18.598 - INFO: Saved model in [experiments/hardi_stage1_250516_161346/checkpoint/latest_stage1_gen.pth] ...
25-05-16 16:43:38.076 - INFO: <epoch:3000, iter:   9,000> l_pix: 1.8662e-03 
25-05-16 16:43:38.078 - INFO: Saving models and training states.
25-05-16 16:43:38.101 - INFO: Saved model in [experiments/hardi_stage1_250516_161346/checkpoint/latest_stage1_gen.pth] ...
25-05-16 16:43:59.701 - INFO: <epoch:3034, iter:   9,100> l_pix: 2.8078e-03 
25-05-16 16:43:59.701 - INFO: Saving models and training states.
25-05-16 16:43:59.719 - INFO: Saved model in [experiments/hardi_stage1_250516_161346/checkpoint/latest_stage1_gen.pth] ...
25-05-16 16:44:17.166 - INFO: <epoch:3067, iter:   9,200> l_pix: 2.2736e-03 
25-05-16 16:44:17.167 - INFO: Saving models and training states.
25-05-16 16:44:17.201 - INFO: Saved model in [experiments/hardi_stage1_250516_161346/checkpoint/latest_stage1_gen.pth] ...
25-05-16 16:44:38.681 - INFO: <epoch:3100, iter:   9,300> l_pix: 2.2220e-03 
25-05-16 16:44:38.681 - INFO: Saving models and training states.
25-05-16 16:44:38.703 - INFO: Saved model in [experiments/hardi_stage1_250516_161346/checkpoint/latest_stage1_gen.pth] ...
25-05-16 16:44:57.463 - INFO: <epoch:3134, iter:   9,400> l_pix: 2.4511e-03 
25-05-16 16:44:57.463 - INFO: Saving models and training states.
25-05-16 16:44:57.483 - INFO: Saved model in [experiments/hardi_stage1_250516_161346/checkpoint/latest_stage1_gen.pth] ...
25-05-16 16:45:17.028 - INFO: <epoch:3167, iter:   9,500> l_pix: 2.4916e-03 
25-05-16 16:45:17.028 - INFO: Saving models and training states.
25-05-16 16:45:17.049 - INFO: Saved model in [experiments/hardi_stage1_250516_161346/checkpoint/latest_stage1_gen.pth] ...
25-05-16 16:45:38.854 - INFO: <epoch:3200, iter:   9,600> l_pix: 3.0440e-03 
25-05-16 16:45:38.854 - INFO: Saving models and training states.
25-05-16 16:45:38.873 - INFO: Saved model in [experiments/hardi_stage1_250516_161346/checkpoint/latest_stage1_gen.pth] ...
25-05-16 16:45:56.044 - INFO: <epoch:3234, iter:   9,700> l_pix: 2.3929e-03 
25-05-16 16:45:56.045 - INFO: Saving models and training states.
25-05-16 16:45:56.063 - INFO: Saved model in [experiments/hardi_stage1_250516_161346/checkpoint/latest_stage1_gen.pth] ...
25-05-16 16:46:17.615 - INFO: <epoch:3267, iter:   9,800> l_pix: 2.6514e-03 
25-05-16 16:46:17.616 - INFO: Saving models and training states.
25-05-16 16:46:17.644 - INFO: Saved model in [experiments/hardi_stage1_250516_161346/checkpoint/latest_stage1_gen.pth] ...
25-05-16 16:46:36.192 - INFO: <epoch:3300, iter:   9,900> l_pix: 2.1725e-03 
25-05-16 16:46:36.193 - INFO: Saving models and training states.
25-05-16 16:46:36.329 - INFO: Saved model in [experiments/hardi_stage1_250516_161346/checkpoint/latest_stage1_gen.pth] ...
25-05-16 16:46:55.862 - INFO: <epoch:3334, iter:  10,000> l_pix: 2.7470e-03 
25-05-16 16:46:55.862 - INFO: Saving models and training states.
25-05-16 16:46:55.879 - INFO: Saved model in [experiments/hardi_stage1_250516_161346/checkpoint/latest_stage1_gen.pth] ...
